10 0.000362 
11 0.000928 
12 0.003027 
13 0.004140 
14 0.011919 
15 0.016544 
16 0.046868 
17 0.096023 
18 0.195913 
19 0.331672 
20 0.671063 
21 1.339894 
22 3.453121 
23 7.141973 
10 0.000348 
11 0.001003 
12 0.003230 
10 0.000366 
11 0.000968 
12 0.003206 
10 0.000459 
11 0.000944 
12 0.003228 
10 0.000440 
11 0.000978 
12 0.003150 
10 0.000345 
11 0.001388 
12 0.003902 
10 0.000377 
11 0.001175 
12 0.003641 
10 0.000445 
11 0.001036 
12 0.003358 
10 0.000342 
11 0.001219 
10 0.000014 
11 0.000004 
10 0.000422 
11 0.000972 
10 0.000327 
11 0.001120 
10 0.000433 
11 0.001112 
10 0.000365 
11 0.000938 
10 0.000435 
11 0.001148 
10 0.000466 
11 0.001140 
10 0.000359 
11 0.001231 
10 0.000320 
11 0.001167 
10 0.000416 
11 0.000982 
10 0.000368 
11 0.000981 
10 0.000408 
11 0.001038 
10 0.000406 
10 0.000523 
10 0.000370 
10 0.000381 
10 0.000449 
10 0.000368 
10 0.000004 
11 0.000005 
12 0.000005 
13 0.000016 
14 0.000005 
15 0.000005 
16 0.000005 
17 0.000005 
18 0.000006 
19 0.000009 
10 0.000005 
11 0.000005 
12 0.000005 
13 0.000005 
14 0.000005 
15 0.000005 
16 0.000005 
17 0.000007 
18 0.000005 
19 0.000007 
10 0.000005 
11 0.000015 
12 0.000014 
13 0.000005 
14 0.000005 
15 0.000006 
16 0.000006 
17 0.000006 
18 0.000007 
19 0.000007 
20 0.000013 
21 0.000014 
22 0.000014 
23 0.000015 
24 0.000014 
25 0.000015 
26 0.000015 
27 0.000028 
28 0.000014 
29 0.000016 
10 0.000005 
11 0.000006 
12 0.000005 
13 0.000005 
14 0.000005 
15 0.000005 
16 0.000005 
17 0.000007 
18 0.000006 
19 0.000011 
20 0.000008 
21 0.000013 
22 0.000015 
23 0.000014 
24 0.000015 
25 0.000012 
26 0.000017 
27 0.000013 
28 0.000017 
29 0.000016 
10 0.000005 
11 0.000005 
12 0.000005 
13 0.000004 
14 0.000005 
15 0.000005 
16 0.000006 
17 0.000006 
18 0.000006 
19 0.000007 
20 0.000008 
21 0.000012 
22 0.000011 
23 0.000018 
24 0.000014 
25 0.000014 
26 0.000013 
27 0.000013 
28 0.000013 
29 0.000014 
10 0.000005 
11 0.000006 
12 0.000005 
13 0.000005 
14 0.000006 
15 0.000004 
16 0.000008 
17 0.000005 
18 0.000005 
19 0.000008 
20 0.000012 
21 0.000015 
22 0.000013 
23 0.000015 
24 0.000019 
25 0.000014 
26 0.000031 
27 0.000014 
28 0.000018 
29 0.000036 
10 0.000005 
11 0.000005 
12 0.000005 
13 0.000005 
14 0.000005 
15 0.000005 
16 0.000005 
17 0.000005 
18 0.000007 
19 0.000006 
20 0.000005 
21 0.000005 
22 0.000007 
23 0.000009 
24 0.000007 
25 0.000010 
26 0.000010 
27 0.000020 
28 0.000014 
29 0.000013 
10 0.000004 
11 0.000005 
12 0.000004 
13 0.000004 
14 0.000005 
15 0.000005 
16 0.000004 
17 0.000005 
18 0.000005 
19 0.000005 
20 0.000006 
21 0.000006 
22 0.000006 
23 0.000007 
24 0.000007 
25 0.000010 
26 0.000011 
27 0.000013 
28 0.000012 
29 0.000013 
30 0.000033 
31 0.000018 
