10 0.000062 
11 0.000078 
12 0.000173 
13 0.000467 
14 0.000625 
15 0.001805 
16 0.002163 
17 0.004031 
18 0.010345 
19 0.015112 
20 0.040529 
21 0.077342 
22 0.098859 
23 0.240883 
10 0.000060 
11 0.000075 
12 0.000173 
10 0.000061 
11 0.000073 
12 0.000169 
10 0.000090 
11 0.000076 
12 0.000175 
10 0.000079 
11 0.000074 
12 0.000168 
10 0.000061 
11 0.000075 
12 0.000173 
10 0.000064 
11 0.000083 
12 0.000251 
10 0.000083 
11 0.000079 
12 0.000186 
10 0.000061 
11 0.000083 
10 0.000012 
11 0.000003 
10 0.000003 
11 0.000003 
10 0.000003 
11 0.000003 
10 0.000003 
11 0.000003 
10 0.000003 
11 0.000003 
10 0.000003 
11 0.000003 
10 0.000003 
11 0.000003 
10 0.000003 
11 0.000003 
10 0.000003 
11 0.000003 
10 0.000003 
11 0.000003 
10 0.000003 
11 0.000003 
10 0.000003 
11 0.000003 
10 0.000004 
10 0.000003 
10 0.000003 
10 0.000003 
10 0.000003 
10 0.000003 
10 0.000003 
11 0.000003 
12 0.000034 
13 0.000004 
14 0.000002 
15 0.000003 
16 0.000003 
17 0.000003 
18 0.000003 
19 0.000004 
10 0.000003 
11 0.000003 
12 0.000003 
13 0.000003 
14 0.000003 
15 0.000003 
16 0.000003 
17 0.000003 
18 0.000003 
19 0.000003 
10 0.000003 
11 0.000003 
12 0.000003 
13 0.000003 
14 0.000003 
15 0.000003 
16 0.000003 
17 0.000003 
18 0.000004 
19 0.000003 
20 0.000003 
21 0.000003 
22 0.000003 
23 0.000003 
24 0.000002 
25 0.000003 
26 0.000002 
27 0.000003 
28 0.000003 
29 0.000002 
10 0.000003 
11 0.000003 
12 0.000003 
13 0.000003 
14 0.000003 
15 0.000003 
16 0.000003 
17 0.000003 
18 0.000003 
19 0.000003 
20 0.000003 
21 0.000003 
22 0.000003 
23 0.000003 
24 0.000003 
25 0.000003 
26 0.000003 
27 0.000003 
28 0.000003 
29 0.000003 
10 0.000003 
11 0.000003 
12 0.000003 
13 0.000002 
14 0.000003 
15 0.000003 
16 0.000003 
17 0.000003 
18 0.000003 
19 0.000003 
20 0.000003 
21 0.000003 
22 0.000003 
23 0.000002 
24 0.000002 
25 0.000003 
26 0.000003 
27 0.000003 
28 0.000003 
29 0.000002 
10 0.000003 
11 0.000004 
12 0.000004 
13 0.000003 
14 0.000003 
15 0.000003 
16 0.000003 
17 0.000003 
18 0.000003 
19 0.000003 
20 0.000003 
21 0.000002 
22 0.000003 
23 0.000003 
24 0.000003 
25 0.000003 
26 0.000003 
27 0.000002 
28 0.000003 
29 0.000002 
10 0.000003 
11 0.000003 
12 0.000003 
13 0.000003 
14 0.000003 
15 0.000003 
16 0.000003 
17 0.000003 
18 0.000003 
19 0.000003 
20 0.000003 
21 0.000003 
22 0.000003 
23 0.000004 
24 0.000003 
25 0.000003 
26 0.000003 
27 0.000003 
28 0.000003 
29 0.000003 
10 0.000003 
11 0.000003 
12 0.000003 
13 0.000003 
14 0.000003 
15 0.000003 
16 0.000003 
17 0.000003 
18 0.000003 
19 0.000003 
20 0.000003 
21 0.000003 
22 0.000003 
23 0.000003 
24 0.000004 
25 0.000003 
26 0.000003 
27 0.000003 
28 0.000003 
29 0.000003 
30 0.000002 
31 0.000003 
