10 0.000034 
11 0.000056 
12 0.000078 
13 0.000120 
14 0.000161 
15 0.000330 
16 0.000405 
17 0.000818 
18 0.001315 
19 0.002860 
20 0.003196 
21 0.005171 
22 0.008160 
23 0.013957 
24 0.015098 
25 0.024032 
26 0.035023 
27 0.054145 
28 0.078535 
29 0.109655 
30 0.157025 
31 0.243119 
32 0.349645 
33 0.567530 
34 0.750471 
35 1.102531 
36 1.520778 
37 2.319092 
38 3.113738 
39 4.963218 
40 6.477591 
41 11.155879 
42 15.780118 
43 25.927907 
44 36.707314 
45 61.512348 
46 85.165368 
47 149.365037 
48 200.685452 
49 341.173144 
50 495.415764 
