10 0.000360 
11 0.001022 
12 0.003143 
13 0.004271 
14 0.011954 
15 0.016768 
16 0.049463 
10 0.000471 
11 0.000981 
12 0.003078 
13 0.004467 
14 0.011898 
15 0.016969 
16 0.048757 
10 0.000394 
11 0.001140 
12 0.003614 
13 0.004521 
14 0.011838 
15 0.017349 
16 0.049473 
17 0.096667 
18 0.202808 
19 0.353899 
10 0.000386 
11 0.001024 
12 0.003102 
13 0.004220 
14 0.011921 
15 0.016862 
16 0.049226 
17 0.096672 
18 0.207853 
19 0.355848 
20 0.719388 
21 1.439655 
22 3.767575 
23 7.278033 
24 14.609087 
