10 0.000003 
11 0.000004 
12 0.000001 
13 0.000002 
14 0.000002 
15 0.000007 
16 0.000005 
17 0.000008 
18 0.000007 
19 0.000013 
20 0.000014 
21 0.000024 
22 0.000033 
23 0.000046 
24 0.000100 
25 0.000105 
26 0.000137 
27 0.000296 
28 0.000286 
29 0.000571 
30 0.000480 
31 0.001000 
32 0.001265 
33 0.001910 
34 0.003097 
35 0.003402 
36 0.005207 
37 0.008620 
38 0.011033 
39 0.014962 
40 0.025328 
41 0.027752 
42 0.039340 
43 0.057640 
44 0.077320 
45 0.111288 
46 0.142524 
47 0.235542 
48 0.306571 
49 0.462583 
50 0.611729 
51 0.941396 
52 1.276453 
53 1.846257 
54 2.442952 
55 3.653122 
56 7.154198 
57 7.943378 
