10 0.000001 
11 0.000001 
12 0.000001 
13 0.000001 
14 0.000001 
15 0.000002 
16 0.000002 
17 0.000003 
18 0.000003 
19 0.000006 
20 0.000008 
21 0.000014 
22 0.000017 
23 0.000031 
24 0.000051 
25 0.000081 
26 0.000110 
27 0.000184 
28 0.000247 
29 0.000364 
30 0.000415 
31 0.000737 
32 0.001053 
33 0.001542 
34 0.002256 
35 0.002689 
36 0.004650 
37 0.006840 
38 0.009254 
39 0.012137 
40 0.019357 
41 0.023955 
42 0.033009 
43 0.049869 
44 0.068091 
45 0.099522 
46 0.129785 
47 0.199079 
48 0.266255 
49 0.405647 
50 0.534397 
51 0.810324 
52 1.065900 
53 1.568870 
54 2.164623 
55 3.207138 
56 4.385820 
57 6.747681 
