10 0.000240 
11 0.000419 
12 0.000693 
13 0.001046 
14 0.002798 
15 0.006764 
16 0.012857 
17 0.025773 
18 0.040389 
19 0.078317 
20 0.140973 
21 0.285237 
22 0.668159 
23 1.279947 
10 0.000232 
11 0.000367 
12 0.000675 
10 0.000233 
11 0.000369 
12 0.000661 
10 0.000269 
11 0.000383 
12 0.000698 
10 0.000263 
11 0.000378 
12 0.000662 
10 0.000234 
11 0.000449 
12 0.000725 
10 0.000254 
11 0.000475 
12 0.000741 
10 0.000310 
11 0.000409 
12 0.000728 
10 0.000231 
11 0.000409 
10 0.000003 
11 0.000003 
10 0.000003 
11 0.000003 
10 0.000004 
11 0.000003 
10 0.000003 
11 0.000003 
10 0.000003 
11 0.000003 
10 0.000003 
11 0.000003 
10 0.000003 
11 0.000004 
10 0.000003 
11 0.000003 
10 0.000003 
11 0.000004 
10 0.000004 
11 0.000004 
10 0.000003 
11 0.000003 
10 0.000003 
11 0.000004 
10 0.000004 
10 0.000003 
10 0.000003 
10 0.000003 
10 0.000003 
10 0.000003 
10 0.000003 
11 0.000003 
12 0.000003 
13 0.000004 
14 0.000003 
15 0.000003 
16 0.000003 
17 0.000003 
18 0.000003 
19 0.000003 
10 0.000003 
11 0.000004 
12 0.000012 
13 0.000003 
14 0.000004 
15 0.000003 
16 0.000004 
17 0.000003 
18 0.000003 
19 0.000003 
10 0.000003 
11 0.000003 
12 0.000003 
13 0.000003 
14 0.000003 
15 0.000003 
16 0.000003 
17 0.000003 
18 0.000003 
19 0.000003 
20 0.000003 
21 0.000003 
22 0.000003 
23 0.000003 
24 0.000003 
25 0.000003 
26 0.000002 
27 0.000003 
28 0.000003 
29 0.000003 
10 0.000003 
11 0.000003 
12 0.000003 
13 0.000003 
14 0.000003 
15 0.000003 
16 0.000003 
17 0.000003 
18 0.000003 
19 0.000003 
20 0.000004 
21 0.000003 
22 0.000003 
23 0.000003 
24 0.000003 
25 0.000002 
26 0.000003 
27 0.000003 
28 0.000003 
29 0.000003 
10 0.000003 
11 0.000004 
12 0.000003 
13 0.000003 
14 0.000003 
15 0.000003 
16 0.000003 
17 0.000003 
18 0.000003 
19 0.000003 
20 0.000003 
21 0.000003 
22 0.000003 
23 0.000003 
24 0.000003 
25 0.000003 
26 0.000002 
27 0.000003 
28 0.000003 
29 0.000003 
10 0.000003 
11 0.000004 
12 0.000003 
13 0.000003 
14 0.000003 
15 0.000003 
16 0.000003 
17 0.000003 
18 0.000003 
19 0.000003 
20 0.000003 
21 0.000003 
22 0.000003 
23 0.000003 
24 0.000003 
25 0.000003 
26 0.000003 
27 0.000002 
28 0.000003 
29 0.000003 
10 0.000003 
11 0.000003 
12 0.000004 
13 0.000003 
14 0.000003 
15 0.000003 
16 0.000003 
17 0.000003 
18 0.000003 
19 0.000003 
20 0.000003 
21 0.000003 
22 0.000003 
23 0.000003 
24 0.000004 
25 0.000003 
26 0.000003 
27 0.000008 
28 0.000002 
29 0.000003 
10 0.000003 
11 0.000003 
12 0.000003 
13 0.000003 
14 0.000003 
15 0.000003 
16 0.000003 
17 0.000004 
18 0.000003 
19 0.000003 
20 0.000003 
21 0.000003 
22 0.000003 
23 0.000003 
24 0.000004 
25 0.000003 
26 0.000003 
27 0.000003 
28 0.000003 
29 0.000003 
30 0.000003 
31 0.000003 
