10 0.000069
11 0.000006
12 0.000009
13 0.000014
14 0.000021 
15 0.000023
16 0.000031 
17 0.000065  
18 0.000082 
19 0.000096
20 0.000216 
21 0.000223 
22 0.000347
23 0.000349
24 0.000586
25 0.001592
26 0.001760
27 0.001652
28 0.002335
29 0.004641
30 0.008624
31 0.007211
32 0.010544
33 0.025920
34 0.030350
35 0.036297
36 0.046853
37 0.144286
38 0.148570
39 0.151977
40 0.177014
41 0.514008
42 0.535198
43 0.667460
44 0.779910
45 3.850724
46 2.443596
47 3.119173
48 3.454917
49 5.177811 
50 10.288121
51 12.435701
52 19.856957
53 20.946222
54 43.687218
55 60.284443
56 61.454911
57 158.871313
58 176.369460
59 284.197882
60 340.418995
61 988.243075
62 1151.219277
