10 0.000005 
11 0.000067 
12 0.000008 
13 0.000010 
14 0.000018 
15 0.000033 
16 0.000073 
17 0.000062 
18 0.000081 
19 0.000132 
20 0.000296 
21 0.000439 
22 0.000469 
23 0.000672 
24 0.000938 
25 0.001280 
26 0.001692 
27 0.002760 
28 0.003662 
29 0.005664 
30 0.007182 
31 0.011404 
32 0.016202 
33 0.025327 
34 0.032491 
35 0.051737 
36 0.071096 
37 0.108569 
38 0.295282 
39 0.303652 
40 0.429954 
41 0.682305 
42 0.813891 
43 1.325834 
44 1.818545 
45 3.291070 
46 4.555304 
47 9.602188 
48 14.132756 
49 21.193699 
