10 0.001293 
11 0.000018 
12 0.000017
13 0.000050 
14 0.000086 
15 0.000098
16 0.000081 
17 0.000518
18 0.000200
19 0.000296
20 0.002086
21 0.001232
22 0.001015
23 0.000686
24 0.001316
25 0.012459
26 0.007385
27 0.007745
28 0.005626
29 0.023129
30 0.023752
31 0.017025
32 0.023305
33 0.190897
34 0.219591
35 0.104635
36 0.169133
37 1.395475
38 0.960253
39 0.452042
40 0.610701
41 4.823028
42 1.792208
43 2.773554
44 3.119379
45 34.923552
46 10.782974
47 6.933189
48 8.531211
49 13.658125
50 40.379590
51 61.898576
52 132.072438
53 89.931523
54 149.786244
55 410.888015
56 158.747015
57 806.250660
58 747.021291
59 1314.176393
60 1433.343499
61 5359.256939
62 6843.872919  